LOG:  connected 5000   
LOG:  Connexion à MongoDB réussie !   
LOG:  {
  jwtToken: {
    userId: '64fac0b7f55e684dfc7607f9',
    pseudo: 'scud',
    email: 'scud@scud.fr',
    iat: 1694382395,
    exp: 1694425595
  }
}   
LOG:  {
  jwtToken: {
    userId: '64fac0b7f55e684dfc7607f9',
    pseudo: 'scud',
    email: 'scud@scud.fr',
    iat: 1694382395,
    exp: 1694425595
  }
}   
LOG:  {
  text: 'QSqsQSqsQS',
  pseudo: 'scud',
  userId: '64fac0b7f55e684dfc7607f9',
  date: '11 Sep 2023 00:02:25',
  pictureUser: 'http://localhost:5000/pictures/user/64fac0b7f55e684dfc7607f9.png',
  pictureMessage: '',
  pictureName: null,
  formatImage: ''
}   
LOG:  {
  text: 'QSqsQSqsQS',
  pseudo: 'scud',
  userId: '64fac0b7f55e684dfc7607f9',
  date: '11 Sep 2023 00:02:25',
  pictureUser: 'http://localhost:5000/pictures/user/64fac0b7f55e684dfc7607f9.png',
  pictureMessage: <Buffer 89 50 4e 47 0d 0a 1a 0a 00 00 00 0d 49 48 44 52 00 00 00 fc 00 00 00 d4 08 06 00 00 00 b8 54 4e 3c 00 00 00 01 73 52 47 42 00 ae ce 1c e9 00 00 00 04 ... 88818 more bytes>,
  pictureName: 'hd3.png',
  formatImage: ''
}   
LOG:  {
  success: true,
  message: {
    text: 'QSqsQSqsQS',
    pseudo: 'scud',
    userId: '64fac0b7f55e684dfc7607f9',
    date: '11 Sep 2023 00:02:25',
    pictureUser: 'http://localhost:5000/pictures/user/64fac0b7f55e684dfc7607f9.png',
    pictureMessage: '',
    _id: new ObjectId("64fe3cf15afae76b50e2baf4"),
    __v: 0
  }
}   
LOG:  {
  success: true,
  message: {
    text: 'QSqsQSqsQS',
    pseudo: 'scud',
    userId: '64fac0b7f55e684dfc7607f9',
    date: '11 Sep 2023 00:02:25',
    pictureUser: 'http://localhost:5000/pictures/user/64fac0b7f55e684dfc7607f9.png',
    pictureMessage: 'http://localhost:5000/pictures/message/hd3.png',
    _id: new ObjectId("64fe3cf15afae76b50e2baf6"),
    __v: 0
  }
}   
LOG:  {
  jwtToken: {
    userId: '64fac0b7f55e684dfc7607f9',
    pseudo: 'scud',
    email: 'scud@scud.fr',
    iat: 1694382395,
    exp: 1694425595
  }
}   
LOG:  {
  jwtToken: {
    userId: '64fac0b7f55e684dfc7607f9',
    pseudo: 'scud',
    email: 'scud@scud.fr',
    iat: 1694382395,
    exp: 1694425595
  }
}   
LOG:  {
  text: 'qsQSqsQS',
  pseudo: 'scud',
  userId: '64fac0b7f55e684dfc7607f9',
  date: '11 Sep 2023 00:02:37',
  pictureUser: 'http://localhost:5000/pictures/user/64fac0b7f55e684dfc7607f9.png',
  pictureMessage: '',
  pictureName: null,
  formatImage: ''
}   
LOG:  {
  text: 'qsQSqsQS',
  pseudo: 'scud',
  userId: '64fac0b7f55e684dfc7607f9',
  date: '11 Sep 2023 00:02:37',
  pictureUser: 'http://localhost:5000/pictures/user/64fac0b7f55e684dfc7607f9.png',
  pictureMessage: <Buffer 89 50 4e 47 0d 0a 1a 0a 00 00 00 0d 49 48 44 52 00 00 00 fc 00 00 00 d4 08 06 00 00 00 b8 54 4e 3c 00 00 00 01 73 52 47 42 00 ae ce 1c e9 00 00 00 04 ... 88818 more bytes>,
  pictureName: 'hd3.png',
  formatImage: ''
}   
LOG:  {
  success: true,
  message: {
    text: 'qsQSqsQS',
    pseudo: 'scud',
    userId: '64fac0b7f55e684dfc7607f9',
    date: '11 Sep 2023 00:02:37',
    pictureUser: 'http://localhost:5000/pictures/user/64fac0b7f55e684dfc7607f9.png',
    pictureMessage: '',
    _id: new ObjectId("64fe3cfd5afae76b50e2baf8"),
    __v: 0
  }
}   
LOG:  {
  success: true,
  message: {
    text: 'qsQSqsQS',
    pseudo: 'scud',
    userId: '64fac0b7f55e684dfc7607f9',
    date: '11 Sep 2023 00:02:37',
    pictureUser: 'http://localhost:5000/pictures/user/64fac0b7f55e684dfc7607f9.png',
    pictureMessage: 'http://localhost:5000/pictures/message/hd3.png',
    _id: new ObjectId("64fe3cfd5afae76b50e2bafa"),
    __v: 0
  }
}   
LOG:  {
  jwtToken: {
    userId: '64fac0b7f55e684dfc7607f9',
    pseudo: 'scud',
    email: 'scud@scud.fr',
    iat: 1694382395,
    exp: 1694425595
  }
}   
LOG:  {
  text: 'QsQSqsS',
  pseudo: 'scud',
  userId: '64fac0b7f55e684dfc7607f9',
  date: '11 Sep 2023 00:02:48',
  pictureUser: 'http://localhost:5000/pictures/user/64fac0b7f55e684dfc7607f9.png',
  pictureMessage: <Buffer 89 50 4e 47 0d 0a 1a 0a 00 00 00 0d 49 48 44 52 00 00 00 df 00 00 00 ab 08 06 00 00 00 e6 4a 49 fb 00 00 00 01 73 52 47 42 00 ae ce 1c e9 00 00 00 04 ... 61172 more bytes>,
  pictureName: 'hd5.png',
  formatImage: ''
}   
LOG:  {
  success: true,
  message: {
    text: 'QsQSqsS',
    pseudo: 'scud',
    userId: '64fac0b7f55e684dfc7607f9',
    date: '11 Sep 2023 00:02:48',
    pictureUser: 'http://localhost:5000/pictures/user/64fac0b7f55e684dfc7607f9.png',
    pictureMessage: 'http://localhost:5000/pictures/message/hd5.png',
    _id: new ObjectId("64fe3d085afae76b50e2bafc"),
    __v: 0
  }
}   
LOG:  {
  jwtToken: {
    userId: '64fac0b7f55e684dfc7607f9',
    pseudo: 'scud',
    email: 'scud@scud.fr',
    iat: 1694382395,
    exp: 1694425595
  }
}   
LOG:  {
  jwtToken: {
    userId: '64fac0b7f55e684dfc7607f9',
    pseudo: 'scud',
    email: 'scud@scud.fr',
    iat: 1694382395,
    exp: 1694425595
  }
}   
LOG:  {
  text: 'CSQDCDSCDSCSDFCDSCDS',
  pseudo: 'scud',
  userId: '64fac0b7f55e684dfc7607f9',
  date: '11 Sep 2023 00:02:56',
  pictureUser: 'http://localhost:5000/pictures/user/64fac0b7f55e684dfc7607f9.png',
  pictureMessage: '',
  pictureName: null,
  formatImage: ''
}   
LOG:  {
  text: 'CSQDCDSCDSCSDFCDSCDS',
  pseudo: 'scud',
  userId: '64fac0b7f55e684dfc7607f9',
  date: '11 Sep 2023 00:02:56',
  pictureUser: 'http://localhost:5000/pictures/user/64fac0b7f55e684dfc7607f9.png',
  pictureMessage: <Buffer 89 50 4e 47 0d 0a 1a 0a 00 00 00 0d 49 48 44 52 00 00 00 df 00 00 00 ab 08 06 00 00 00 e6 4a 49 fb 00 00 00 01 73 52 47 42 00 ae ce 1c e9 00 00 00 04 ... 61172 more bytes>,
  pictureName: 'hd5.png',
  formatImage: ''
}   
LOG:  {
  success: true,
  message: {
    text: 'CSQDCDSCDSCSDFCDSCDS',
    pseudo: 'scud',
    userId: '64fac0b7f55e684dfc7607f9',
    date: '11 Sep 2023 00:02:56',
    pictureUser: 'http://localhost:5000/pictures/user/64fac0b7f55e684dfc7607f9.png',
    pictureMessage: 'http://localhost:5000/pictures/message/hd5.png',
    _id: new ObjectId("64fe3d105afae76b50e2bb00"),
    __v: 0
  }
}   
LOG:  {
  success: true,
  message: {
    text: 'CSQDCDSCDSCSDFCDSCDS',
    pseudo: 'scud',
    userId: '64fac0b7f55e684dfc7607f9',
    date: '11 Sep 2023 00:02:56',
    pictureUser: 'http://localhost:5000/pictures/user/64fac0b7f55e684dfc7607f9.png',
    pictureMessage: '',
    _id: new ObjectId("64fe3d105afae76b50e2bafe"),
    __v: 0
  }
}   
LOG:  {
  jwtToken: {
    userId: '64fac0b7f55e684dfc7607f9',
    pseudo: 'scud',
    email: 'scud@scud.fr',
    iat: 1694382395,
    exp: 1694425595
  }
}   
LOG:  {
  jwtToken: {
    userId: '64fac0b7f55e684dfc7607f9',
    pseudo: 'scud',
    email: 'scud@scud.fr',
    iat: 1694382395,
    exp: 1694425595
  }
}   
LOG:  {
  text: 'SDCSDQCSDCSDQC',
  pseudo: 'scud',
  userId: '64fac0b7f55e684dfc7607f9',
  date: '11 Sep 2023 00:03:10',
  pictureUser: 'http://localhost:5000/pictures/user/64fac0b7f55e684dfc7607f9.png',
  pictureMessage: '',
  pictureName: null,
  formatImage: ''
}   
LOG:  {
  text: 'SDCSDQCSDCSDQC',
  pseudo: 'scud',
  userId: '64fac0b7f55e684dfc7607f9',
  date: '11 Sep 2023 00:03:10',
  pictureUser: 'http://localhost:5000/pictures/user/64fac0b7f55e684dfc7607f9.png',
  pictureMessage: <Buffer 89 50 4e 47 0d 0a 1a 0a 00 00 00 0d 49 48 44 52 00 00 00 df 00 00 00 cf 08 06 00 00 00 75 2f 04 b7 00 00 00 01 73 52 47 42 00 ae ce 1c e9 00 00 00 04 ... 71822 more bytes>,
  pictureName: 'hd4.png',
  formatImage: ''
}   
LOG:  {
  success: true,
  message: {
    text: 'SDCSDQCSDCSDQC',
    pseudo: 'scud',
    userId: '64fac0b7f55e684dfc7607f9',
    date: '11 Sep 2023 00:03:10',
    pictureUser: 'http://localhost:5000/pictures/user/64fac0b7f55e684dfc7607f9.png',
    pictureMessage: '',
    _id: new ObjectId("64fe3d1e5afae76b50e2bb02"),
    __v: 0
  }
}   
LOG:  {
  success: true,
  message: {
    text: 'SDCSDQCSDCSDQC',
    pseudo: 'scud',
    userId: '64fac0b7f55e684dfc7607f9',
    date: '11 Sep 2023 00:03:10',
    pictureUser: 'http://localhost:5000/pictures/user/64fac0b7f55e684dfc7607f9.png',
    pictureMessage: 'http://localhost:5000/pictures/message/hd4.png',
    _id: new ObjectId("64fe3d1e5afae76b50e2bb04"),
    __v: 0
  }
}   
LOG:  {
  jwtToken: {
    userId: '64fac0b7f55e684dfc7607f9',
    pseudo: 'scud',
    email: 'scud@scud.fr',
    iat: 1694382395,
    exp: 1694425595
  }
}   
LOG:  {
  text: '',
  pseudo: 'scud',
  userId: '64fac0b7f55e684dfc7607f9',
  date: '11 Sep 2023 00:05:40',
  pictureUser: 'http://localhost:5000/pictures/user/64fac0b7f55e684dfc7607f9.png',
  pictureMessage: <Buffer 89 50 4e 47 0d 0a 1a 0a 00 00 00 0d 49 48 44 52 00 00 00 df 00 00 00 cf 08 06 00 00 00 75 2f 04 b7 00 00 00 01 73 52 47 42 00 ae ce 1c e9 00 00 00 04 ... 71822 more bytes>,
  pictureName: 'hd4.png',
  formatImage: ''
}   
LOG:  {
  success: true,
  message: {
    text: '',
    pseudo: 'scud',
    userId: '64fac0b7f55e684dfc7607f9',
    date: '11 Sep 2023 00:05:40',
    pictureUser: 'http://localhost:5000/pictures/user/64fac0b7f55e684dfc7607f9.png',
    pictureMessage: 'http://localhost:5000/pictures/message/hd4.png',
    _id: new ObjectId("64fe3db45afae76b50e2bb06"),
    __v: 0
  }
}   
LOG:  {
  jwtToken: {
    userId: '64fac0b7f55e684dfc7607f9',
    pseudo: 'scud',
    email: 'scud@scud.fr',
    iat: 1694382395,
    exp: 1694425595
  }
}   
LOG:  {
  text: '',
  pseudo: 'scud',
  userId: '64fac0b7f55e684dfc7607f9',
  date: '11 Sep 2023 00:05:44',
  pictureUser: 'http://localhost:5000/pictures/user/64fac0b7f55e684dfc7607f9.png',
  pictureMessage: <Buffer 89 50 4e 47 0d 0a 1a 0a 00 00 00 0d 49 48 44 52 00 00 00 df 00 00 00 cf 08 06 00 00 00 75 2f 04 b7 00 00 00 01 73 52 47 42 00 ae ce 1c e9 00 00 00 04 ... 71822 more bytes>,
  pictureName: 'hd4.png',
  formatImage: ''
}   
LOG:  {
  success: true,
  message: {
    text: '',
    pseudo: 'scud',
    userId: '64fac0b7f55e684dfc7607f9',
    date: '11 Sep 2023 00:05:44',
    pictureUser: 'http://localhost:5000/pictures/user/64fac0b7f55e684dfc7607f9.png',
    pictureMessage: 'http://localhost:5000/pictures/message/hd4.png',
    _id: new ObjectId("64fe3db85afae76b50e2bb08"),
    __v: 0
  }
}   
LOG:  {
  jwtToken: {
    userId: '64fac0b7f55e684dfc7607f9',
    pseudo: 'scud',
    email: 'scud@scud.fr',
    iat: 1694382395,
    exp: 1694425595
  }
}   
LOG:  {
  text: 'qsdqsdqsd',
  pseudo: 'scud',
  userId: '64fac0b7f55e684dfc7607f9',
  date: '11 Sep 2023 00:07:13',
  pictureUser: 'http://localhost:5000/pictures/user/64fac0b7f55e684dfc7607f9.png',
  pictureMessage: '',
  pictureName: null,
  formatImage: ''
}   
LOG:  {
  success: true,
  message: {
    text: 'qsdqsdqsd',
    pseudo: 'scud',
    userId: '64fac0b7f55e684dfc7607f9',
    date: '11 Sep 2023 00:07:13',
    pictureUser: 'http://localhost:5000/pictures/user/64fac0b7f55e684dfc7607f9.png',
    pictureMessage: '',
    _id: new ObjectId("64fe3e115afae76b50e2bb0e"),
    __v: 0
  }
}   
LOG:  {
  jwtToken: {
    userId: '64fac0b7f55e684dfc7607f9',
    pseudo: 'scud',
    email: 'scud@scud.fr',
    iat: 1694382395,
    exp: 1694425595
  }
}   
LOG:  {
  text: '',
  pseudo: 'scud',
  userId: '64fac0b7f55e684dfc7607f9',
  date: '11 Sep 2023 00:07:20',
  pictureUser: 'http://localhost:5000/pictures/user/64fac0b7f55e684dfc7607f9.png',
  pictureMessage: <Buffer 89 50 4e 47 0d 0a 1a 0a 00 00 00 0d 49 48 44 52 00 00 00 fc 00 00 00 d4 08 06 00 00 00 b8 54 4e 3c 00 00 00 01 73 52 47 42 00 ae ce 1c e9 00 00 00 04 ... 88818 more bytes>,
  pictureName: 'hd3.png',
  formatImage: ''
}   
LOG:  {
  success: true,
  message: {
    text: '',
    pseudo: 'scud',
    userId: '64fac0b7f55e684dfc7607f9',
    date: '11 Sep 2023 00:07:20',
    pictureUser: 'http://localhost:5000/pictures/user/64fac0b7f55e684dfc7607f9.png',
    pictureMessage: 'http://localhost:5000/pictures/message/hd3.png',
    _id: new ObjectId("64fe3e185afae76b50e2bb10"),
    __v: 0
  }
}   
LOG:  {
  jwtToken: {
    userId: '64fac0b7f55e684dfc7607f9',
    pseudo: 'scud',
    email: 'scud@scud.fr',
    iat: 1694382395,
    exp: 1694425595
  }
}   
LOG:  {
  jwtToken: {
    userId: '64fac0b7f55e684dfc7607f9',
    pseudo: 'scud',
    email: 'scud@scud.fr',
    iat: 1694382395,
    exp: 1694425595
  }
}   
LOG:  {
  text: 'qsdqsdqsd',
  pseudo: 'scud',
  userId: '64fac0b7f55e684dfc7607f9',
  date: '11 Sep 2023 00:07:24',
  pictureUser: 'http://localhost:5000/pictures/user/64fac0b7f55e684dfc7607f9.png',
  pictureMessage: '',
  pictureName: null,
  formatImage: ''
}   
LOG:  {
  text: 'qsdqsdqsd',
  pseudo: 'scud',
  userId: '64fac0b7f55e684dfc7607f9',
  date: '11 Sep 2023 00:07:24',
  pictureUser: 'http://localhost:5000/pictures/user/64fac0b7f55e684dfc7607f9.png',
  pictureMessage: <Buffer 89 50 4e 47 0d 0a 1a 0a 00 00 00 0d 49 48 44 52 00 00 00 fc 00 00 00 d4 08 06 00 00 00 b8 54 4e 3c 00 00 00 01 73 52 47 42 00 ae ce 1c e9 00 00 00 04 ... 88818 more bytes>,
  pictureName: 'hd3.png',
  formatImage: ''
}   
LOG:  {
  success: true,
  message: {
    text: 'qsdqsdqsd',
    pseudo: 'scud',
    userId: '64fac0b7f55e684dfc7607f9',
    date: '11 Sep 2023 00:07:24',
    pictureUser: 'http://localhost:5000/pictures/user/64fac0b7f55e684dfc7607f9.png',
    pictureMessage: '',
    _id: new ObjectId("64fe3e1c5afae76b50e2bb12"),
    __v: 0
  }
}   
LOG:  {
  success: true,
  message: {
    text: 'qsdqsdqsd',
    pseudo: 'scud',
    userId: '64fac0b7f55e684dfc7607f9',
    date: '11 Sep 2023 00:07:24',
    pictureUser: 'http://localhost:5000/pictures/user/64fac0b7f55e684dfc7607f9.png',
    pictureMessage: 'http://localhost:5000/pictures/message/hd3.png',
    _id: new ObjectId("64fe3e1c5afae76b50e2bb14"),
    __v: 0
  }
}   
LOG:  {
  jwtToken: {
    userId: '64fac0b7f55e684dfc7607f9',
    pseudo: 'scud',
    email: 'scud@scud.fr',
    iat: 1694382395,
    exp: 1694425595
  }
}   
LOG:  {
  text: 'aezeazeazeaze',
  pseudo: 'scud',
  userId: '64fac0b7f55e684dfc7607f9',
  date: '11 Sep 2023 00:08:34',
  pictureUser: 'http://localhost:5000/pictures/user/64fac0b7f55e684dfc7607f9.png',
  pictureMessage: '',
  pictureName: null,
  formatImage: ''
}   
LOG:  {
  success: true,
  message: {
    text: 'aezeazeazeaze',
    pseudo: 'scud',
    userId: '64fac0b7f55e684dfc7607f9',
    date: '11 Sep 2023 00:08:34',
    pictureUser: 'http://localhost:5000/pictures/user/64fac0b7f55e684dfc7607f9.png',
    pictureMessage: '',
    _id: new ObjectId("64fe3e625afae76b50e2bb1d"),
    __v: 0
  }
}   
LOG:  {
  jwtToken: {
    userId: '64fac0b7f55e684dfc7607f9',
    pseudo: 'scud',
    email: 'scud@scud.fr',
    iat: 1694382395,
    exp: 1694425595
  }
}   
LOG:  {
  text: '',
  pseudo: 'scud',
  userId: '64fac0b7f55e684dfc7607f9',
  date: '11 Sep 2023 00:10:09',
  pictureUser: 'http://localhost:5000/pictures/user/64fac0b7f55e684dfc7607f9.png',
  pictureMessage: <Buffer 89 50 4e 47 0d 0a 1a 0a 00 00 00 0d 49 48 44 52 00 00 00 fc 00 00 00 d4 08 06 00 00 00 b8 54 4e 3c 00 00 00 01 73 52 47 42 00 ae ce 1c e9 00 00 00 04 ... 88818 more bytes>,
  pictureName: 'hd3.png',
  formatImage: ''
}   
LOG:  {
  success: true,
  message: {
    text: '',
    pseudo: 'scud',
    userId: '64fac0b7f55e684dfc7607f9',
    date: '11 Sep 2023 00:10:09',
    pictureUser: 'http://localhost:5000/pictures/user/64fac0b7f55e684dfc7607f9.png',
    pictureMessage: 'http://localhost:5000/pictures/message/hd3.png',
    _id: new ObjectId("64fe3ec15afae76b50e2bb2d"),
    __v: 0
  }
}   
LOG:  {
  jwtToken: {
    userId: '64fac0b7f55e684dfc7607f9',
    pseudo: 'scud',
    email: 'scud@scud.fr',
    iat: 1694382395,
    exp: 1694425595
  }
}   
LOG:  {
  text: '',
  pseudo: 'scud',
  userId: '64fac0b7f55e684dfc7607f9',
  date: '11 Sep 2023 00:10:32',
  pictureUser: 'http://localhost:5000/pictures/user/64fac0b7f55e684dfc7607f9.png',
  pictureMessage: <Buffer 89 50 4e 47 0d 0a 1a 0a 00 00 00 0d 49 48 44 52 00 00 00 fc 00 00 00 d4 08 06 00 00 00 b8 54 4e 3c 00 00 00 01 73 52 47 42 00 ae ce 1c e9 00 00 00 04 ... 88818 more bytes>,
  pictureName: 'hd3.png',
  formatImage: ''
}   
LOG:  {
  success: true,
  message: {
    text: '',
    pseudo: 'scud',
    userId: '64fac0b7f55e684dfc7607f9',
    date: '11 Sep 2023 00:10:32',
    pictureUser: 'http://localhost:5000/pictures/user/64fac0b7f55e684dfc7607f9.png',
    pictureMessage: 'http://localhost:5000/pictures/message/hd3.png',
    _id: new ObjectId("64fe3ed85afae76b50e2bb33"),
    __v: 0
  }
}   
LOG:  {
  jwtToken: {
    userId: '64fac0b7f55e684dfc7607f9',
    pseudo: 'scud',
    email: 'scud@scud.fr',
    iat: 1694382395,
    exp: 1694425595
  }
}   
LOG:  {
  text: 'ghfjgfhjfghj',
  pseudo: 'scud',
  userId: '64fac0b7f55e684dfc7607f9',
  date: '11 Sep 2023 00:10:37',
  pictureUser: 'http://localhost:5000/pictures/user/64fac0b7f55e684dfc7607f9.png',
  pictureMessage: '',
  pictureName: null,
  formatImage: ''
}   
LOG:  {
  jwtToken: {
    userId: '64fac0b7f55e684dfc7607f9',
    pseudo: 'scud',
    email: 'scud@scud.fr',
    iat: 1694382395,
    exp: 1694425595
  }
}   
LOG:  {
  text: 'ghfjgfhjfghj',
  pseudo: 'scud',
  userId: '64fac0b7f55e684dfc7607f9',
  date: '11 Sep 2023 00:10:37',
  pictureUser: 'http://localhost:5000/pictures/user/64fac0b7f55e684dfc7607f9.png',
  pictureMessage: <Buffer 89 50 4e 47 0d 0a 1a 0a 00 00 00 0d 49 48 44 52 00 00 00 fc 00 00 00 d4 08 06 00 00 00 b8 54 4e 3c 00 00 00 01 73 52 47 42 00 ae ce 1c e9 00 00 00 04 ... 88818 more bytes>,
  pictureName: 'hd3.png',
  formatImage: ''
}   
LOG:  {
  success: true,
  message: {
    text: 'ghfjgfhjfghj',
    pseudo: 'scud',
    userId: '64fac0b7f55e684dfc7607f9',
    date: '11 Sep 2023 00:10:37',
    pictureUser: 'http://localhost:5000/pictures/user/64fac0b7f55e684dfc7607f9.png',
    pictureMessage: '',
    _id: new ObjectId("64fe3edd5afae76b50e2bb35"),
    __v: 0
  }
}   
LOG:  {
  success: true,
  message: {
    text: 'ghfjgfhjfghj',
    pseudo: 'scud',
    userId: '64fac0b7f55e684dfc7607f9',
    date: '11 Sep 2023 00:10:37',
    pictureUser: 'http://localhost:5000/pictures/user/64fac0b7f55e684dfc7607f9.png',
    pictureMessage: 'http://localhost:5000/pictures/message/hd3.png',
    _id: new ObjectId("64fe3edd5afae76b50e2bb37"),
    __v: 0
  }
}   
LOG:  {
  jwtToken: {
    userId: '64fac0b7f55e684dfc7607f9',
    pseudo: 'scud',
    email: 'scud@scud.fr',
    iat: 1694382395,
    exp: 1694425595
  }
}   
LOG:  {
  text: '',
  pseudo: 'scud',
  userId: '64fac0b7f55e684dfc7607f9',
  date: '11 Sep 2023 00:11:16',
  pictureUser: 'http://localhost:5000/pictures/user/64fac0b7f55e684dfc7607f9.png',
  pictureMessage: <Buffer 89 50 4e 47 0d 0a 1a 0a 00 00 00 0d 49 48 44 52 00 00 00 df 00 00 00 cf 08 06 00 00 00 75 2f 04 b7 00 00 00 01 73 52 47 42 00 ae ce 1c e9 00 00 00 04 ... 71822 more bytes>,
  pictureName: 'hd4.png',
  formatImage: ''
}   
LOG:  {
  success: true,
  message: {
    text: '',
    pseudo: 'scud',
    userId: '64fac0b7f55e684dfc7607f9',
    date: '11 Sep 2023 00:11:16',
    pictureUser: 'http://localhost:5000/pictures/user/64fac0b7f55e684dfc7607f9.png',
    pictureMessage: 'http://localhost:5000/pictures/message/hd4.png',
    _id: new ObjectId("64fe3f045afae76b50e2bb3b"),
    __v: 0
  }
}   
LOG:  {
  jwtToken: {
    userId: '64fac0b7f55e684dfc7607f9',
    pseudo: 'scud',
    email: 'scud@scud.fr',
    iat: 1694382395,
    exp: 1694425595
  }
}   
LOG:  {
  jwtToken: {
    userId: '64fac0b7f55e684dfc7607f9',
    pseudo: 'scud',
    email: 'scud@scud.fr',
    iat: 1694382395,
    exp: 1694425595
  }
}   
LOG:  {
  text: 'gfhddgfhdfgh',
  pseudo: 'scud',
  userId: '64fac0b7f55e684dfc7607f9',
  date: '11 Sep 2023 00:11:20',
  pictureUser: 'http://localhost:5000/pictures/user/64fac0b7f55e684dfc7607f9.png',
  pictureMessage: '',
  pictureName: null,
  formatImage: ''
}   
LOG:  {
  text: 'gfhddgfhdfgh',
  pseudo: 'scud',
  userId: '64fac0b7f55e684dfc7607f9',
  date: '11 Sep 2023 00:11:20',
  pictureUser: 'http://localhost:5000/pictures/user/64fac0b7f55e684dfc7607f9.png',
  pictureMessage: <Buffer 89 50 4e 47 0d 0a 1a 0a 00 00 00 0d 49 48 44 52 00 00 00 df 00 00 00 cf 08 06 00 00 00 75 2f 04 b7 00 00 00 01 73 52 47 42 00 ae ce 1c e9 00 00 00 04 ... 71822 more bytes>,
  pictureName: 'hd4.png',
  formatImage: ''
}   
LOG:  {
  success: true,
  message: {
    text: 'gfhddgfhdfgh',
    pseudo: 'scud',
    userId: '64fac0b7f55e684dfc7607f9',
    date: '11 Sep 2023 00:11:20',
    pictureUser: 'http://localhost:5000/pictures/user/64fac0b7f55e684dfc7607f9.png',
    pictureMessage: '',
    _id: new ObjectId("64fe3f085afae76b50e2bb3d"),
    __v: 0
  }
}   
LOG:  {
  success: true,
  message: {
    text: 'gfhddgfhdfgh',
    pseudo: 'scud',
    userId: '64fac0b7f55e684dfc7607f9',
    date: '11 Sep 2023 00:11:20',
    pictureUser: 'http://localhost:5000/pictures/user/64fac0b7f55e684dfc7607f9.png',
    pictureMessage: 'http://localhost:5000/pictures/message/hd4.png',
    _id: new ObjectId("64fe3f085afae76b50e2bb3f"),
    __v: 0
  }
}   
LOG:  {
  jwtToken: {
    userId: '64fac0b7f55e684dfc7607f9',
    pseudo: 'scud',
    email: 'scud@scud.fr',
    iat: 1694382395,
    exp: 1694425595
  }
}   
LOG:  {
  text: 'dsfsfsdfsdf',
  pseudo: 'scud',
  userId: '64fac0b7f55e684dfc7607f9',
  date: '11 Sep 2023 00:12:21',
  pictureUser: 'http://localhost:5000/pictures/user/64fac0b7f55e684dfc7607f9.png',
  pictureMessage: '',
  pictureName: null,
  formatImage: ''
}   
LOG:  {
  success: true,
  message: {
    text: 'dsfsfsdfsdf',
    pseudo: 'scud',
    userId: '64fac0b7f55e684dfc7607f9',
    date: '11 Sep 2023 00:12:21',
    pictureUser: 'http://localhost:5000/pictures/user/64fac0b7f55e684dfc7607f9.png',
    pictureMessage: '',
    _id: new ObjectId("64fe3f455afae76b50e2bb45"),
    __v: 0
  }
}   
LOG:  {
  jwtToken: {
    userId: '64fac0b7f55e684dfc7607f9',
    pseudo: 'scud',
    email: 'scud@scud.fr',
    iat: 1694382395,
    exp: 1694425595
  }
}   
LOG:  {
  text: 'qdssdqsd',
  pseudo: 'scud',
  userId: '64fac0b7f55e684dfc7607f9',
  date: '11 Sep 2023 00:13:53',
  pictureUser: 'http://localhost:5000/pictures/user/64fac0b7f55e684dfc7607f9.png',
  pictureMessage: '',
  pictureName: null,
  formatImage: ''
}   
LOG:  {
  success: true,
  message: {
    text: 'qdssdqsd',
    pseudo: 'scud',
    userId: '64fac0b7f55e684dfc7607f9',
    date: '11 Sep 2023 00:13:53',
    pictureUser: 'http://localhost:5000/pictures/user/64fac0b7f55e684dfc7607f9.png',
    pictureMessage: '',
    _id: new ObjectId("64fe3fa15afae76b50e2bb52"),
    __v: 0
  }
}   
LOG:  {
  jwtToken: {
    userId: '64fac0b7f55e684dfc7607f9',
    pseudo: 'scud',
    email: 'scud@scud.fr',
    iat: 1694382395,
    exp: 1694425595
  }
}   
LOG:  {
  text: 'sqdddsqsdqsdq',
  pseudo: 'scud',
  userId: '64fac0b7f55e684dfc7607f9',
  date: '11 Sep 2023 00:15:11',
  pictureUser: 'http://localhost:5000/pictures/user/64fac0b7f55e684dfc7607f9.png',
  pictureMessage: '',
  pictureName: null,
  formatImage: ''
}   
LOG:  {
  success: true,
  message: {
    text: 'sqdddsqsdqsdq',
    pseudo: 'scud',
    userId: '64fac0b7f55e684dfc7607f9',
    date: '11 Sep 2023 00:15:11',
    pictureUser: 'http://localhost:5000/pictures/user/64fac0b7f55e684dfc7607f9.png',
    pictureMessage: '',
    _id: new ObjectId("64fe3fef5afae76b50e2bb5a"),
    __v: 0
  }
}   
LOG:  {
  jwtToken: {
    userId: '64fac0b7f55e684dfc7607f9',
    pseudo: 'scud',
    email: 'scud@scud.fr',
    iat: 1694382395,
    exp: 1694425595
  }
}   
LOG:  {
  text: 'sqdqsdqsdqd',
  pseudo: 'scud',
  userId: '64fac0b7f55e684dfc7607f9',
  date: '11 Sep 2023 00:15:38',
  pictureUser: 'http://localhost:5000/pictures/user/64fac0b7f55e684dfc7607f9.png',
  pictureMessage: <Buffer 89 50 4e 47 0d 0a 1a 0a 00 00 00 0d 49 48 44 52 00 00 00 df 00 00 00 cf 08 06 00 00 00 75 2f 04 b7 00 00 00 01 73 52 47 42 00 ae ce 1c e9 00 00 00 04 ... 71822 more bytes>,
  pictureName: 'hd4.png',
  formatImage: ''
}   
LOG:  {
  success: true,
  message: {
    text: 'sqdqsdqsdqd',
    pseudo: 'scud',
    userId: '64fac0b7f55e684dfc7607f9',
    date: '11 Sep 2023 00:15:38',
    pictureUser: 'http://localhost:5000/pictures/user/64fac0b7f55e684dfc7607f9.png',
    pictureMessage: 'http://localhost:5000/pictures/message/hd4.png',
    _id: new ObjectId("64fe400a5afae76b50e2bb5e"),
    __v: 0
  }
}   
LOG:  {
  jwtToken: {
    userId: '64fac0b7f55e684dfc7607f9',
    pseudo: 'scud',
    email: 'scud@scud.fr',
    iat: 1694382395,
    exp: 1694425595
  }
}   
LOG:  {
  text: 'sqdqsdqdqsdqsd',
  pseudo: 'scud',
  userId: '64fac0b7f55e684dfc7607f9',
  date: '11 Sep 2023 00:15:45',
  pictureUser: 'http://localhost:5000/pictures/user/64fac0b7f55e684dfc7607f9.png',
  pictureMessage: '',
  pictureName: null,
  formatImage: ''
}   
LOG:  {
  jwtToken: {
    userId: '64fac0b7f55e684dfc7607f9',
    pseudo: 'scud',
    email: 'scud@scud.fr',
    iat: 1694382395,
    exp: 1694425595
  }
}   
LOG:  {
  text: 'sqdqsdqdqsdqsd',
  pseudo: 'scud',
  userId: '64fac0b7f55e684dfc7607f9',
  date: '11 Sep 2023 00:15:45',
  pictureUser: 'http://localhost:5000/pictures/user/64fac0b7f55e684dfc7607f9.png',
  pictureMessage: <Buffer 89 50 4e 47 0d 0a 1a 0a 00 00 00 0d 49 48 44 52 00 00 00 df 00 00 00 cf 08 06 00 00 00 75 2f 04 b7 00 00 00 01 73 52 47 42 00 ae ce 1c e9 00 00 00 04 ... 71822 more bytes>,
  pictureName: 'hd4.png',
  formatImage: ''
}   
LOG:  {
  success: true,
  message: {
    text: 'sqdqsdqdqsdqsd',
    pseudo: 'scud',
    userId: '64fac0b7f55e684dfc7607f9',
    date: '11 Sep 2023 00:15:45',
    pictureUser: 'http://localhost:5000/pictures/user/64fac0b7f55e684dfc7607f9.png',
    pictureMessage: '',
    _id: new ObjectId("64fe40115afae76b50e2bb60"),
    __v: 0
  }
}   
LOG:  {
  success: true,
  message: {
    text: 'sqdqsdqdqsdqsd',
    pseudo: 'scud',
    userId: '64fac0b7f55e684dfc7607f9',
    date: '11 Sep 2023 00:15:45',
    pictureUser: 'http://localhost:5000/pictures/user/64fac0b7f55e684dfc7607f9.png',
    pictureMessage: 'http://localhost:5000/pictures/message/hd4.png',
    _id: new ObjectId("64fe40115afae76b50e2bb62"),
    __v: 0
  }
}   
LOG:  {
  jwtToken: {
    userId: '64fac0b7f55e684dfc7607f9',
    pseudo: 'scud',
    email: 'scud@scud.fr',
    iat: 1694382395,
    exp: 1694425595
  }
}   
LOG:  {
  text: 'dfsfsdfsdqfsdf',
  pseudo: 'scud',
  userId: '64fac0b7f55e684dfc7607f9',
  date: '11 Sep 2023 00:15:59',
  pictureUser: 'http://localhost:5000/pictures/user/64fac0b7f55e684dfc7607f9.png',
  pictureMessage: '',
  pictureName: null,
  formatImage: ''
}   
LOG:  {
  success: true,
  message: {
    text: 'dfsfsdfsdqfsdf',
    pseudo: 'scud',
    userId: '64fac0b7f55e684dfc7607f9',
    date: '11 Sep 2023 00:15:59',
    pictureUser: 'http://localhost:5000/pictures/user/64fac0b7f55e684dfc7607f9.png',
    pictureMessage: '',
    _id: new ObjectId("64fe401f5afae76b50e2bb64"),
    __v: 0
  }
}   
LOG:  {
  jwtToken: {
    userId: '64fac0b7f55e684dfc7607f9',
    pseudo: 'scud',
    email: 'scud@scud.fr',
    iat: 1694382395,
    exp: 1694425595
  }
}   
LOG:  {
  text: 'hgfdghdfgh',
  pseudo: 'scud',
  userId: '64fac0b7f55e684dfc7607f9',
  date: '11 Sep 2023 00:17:16',
  pictureUser: 'http://localhost:5000/pictures/user/64fac0b7f55e684dfc7607f9.png',
  pictureMessage: '',
  pictureName: null,
  formatImage: ''
}   
LOG:  {
  success: true,
  message: {
    text: 'hgfdghdfgh',
    pseudo: 'scud',
    userId: '64fac0b7f55e684dfc7607f9',
    date: '11 Sep 2023 00:17:16',
    pictureUser: 'http://localhost:5000/pictures/user/64fac0b7f55e684dfc7607f9.png',
    pictureMessage: '',
    _id: new ObjectId("64fe406c5afae76b50e2bb70"),
    __v: 0
  }
}   
LOG:  {
  jwtToken: {
    userId: '64fac0b7f55e684dfc7607f9',
    pseudo: 'scud',
    email: 'scud@scud.fr',
    iat: 1694382395,
    exp: 1694425595
  }
}   
LOG:  {
  text: '',
  pseudo: 'scud',
  userId: '64fac0b7f55e684dfc7607f9',
  date: '11 Sep 2023 00:18:43',
  pictureUser: 'http://localhost:5000/pictures/user/64fac0b7f55e684dfc7607f9.png',
  pictureMessage: <Buffer 89 50 4e 47 0d 0a 1a 0a 00 00 00 0d 49 48 44 52 00 00 00 df 00 00 00 cf 08 06 00 00 00 75 2f 04 b7 00 00 00 01 73 52 47 42 00 ae ce 1c e9 00 00 00 04 ... 71822 more bytes>,
  pictureName: 'hd4.png',
  formatImage: ''
}   
LOG:  {
  success: true,
  message: {
    text: '',
    pseudo: 'scud',
    userId: '64fac0b7f55e684dfc7607f9',
    date: '11 Sep 2023 00:18:43',
    pictureUser: 'http://localhost:5000/pictures/user/64fac0b7f55e684dfc7607f9.png',
    pictureMessage: 'http://localhost:5000/pictures/message/hd4.png',
    _id: new ObjectId("64fe40c35afae76b50e2bb78"),
    __v: 0
  }
}   
LOG:  {
  jwtToken: {
    userId: '64fac0b7f55e684dfc7607f9',
    pseudo: 'scud',
    email: 'scud@scud.fr',
    iat: 1694382395,
    exp: 1694425595
  }
}   
LOG:  {
  text: '',
  pseudo: 'scud',
  userId: '64fac0b7f55e684dfc7607f9',
  date: '11 Sep 2023 00:20:48',
  pictureUser: 'http://localhost:5000/pictures/user/64fac0b7f55e684dfc7607f9.png',
  pictureMessage: <Buffer 89 50 4e 47 0d 0a 1a 0a 00 00 00 0d 49 48 44 52 00 00 00 df 00 00 00 cf 08 06 00 00 00 75 2f 04 b7 00 00 00 01 73 52 47 42 00 ae ce 1c e9 00 00 00 04 ... 71822 more bytes>,
  pictureName: 'hd4.png',
  formatImage: ''
}   
LOG:  {
  success: true,
  message: {
    text: '',
    pseudo: 'scud',
    userId: '64fac0b7f55e684dfc7607f9',
    date: '11 Sep 2023 00:20:48',
    pictureUser: 'http://localhost:5000/pictures/user/64fac0b7f55e684dfc7607f9.png',
    pictureMessage: 'http://localhost:5000/pictures/message/hd4.png',
    _id: new ObjectId("64fe41405afae76b50e2bb84"),
    __v: 0
  }
}   
LOG:  {
  jwtToken: {
    userId: '64fac0b7f55e684dfc7607f9',
    pseudo: 'scud',
    email: 'scud@scud.fr',
    iat: 1694382395,
    exp: 1694425595
  }
}   
LOG:  {
  text: 'ghjffgjjfghjgfhjfghj',
  pseudo: 'scud',
  userId: '64fac0b7f55e684dfc7607f9',
  date: '11 Sep 2023 00:20:57',
  pictureUser: 'http://localhost:5000/pictures/user/64fac0b7f55e684dfc7607f9.png',
  pictureMessage: '',
  pictureName: null,
  formatImage: ''
}   
LOG:  {
  jwtToken: {
    userId: '64fac0b7f55e684dfc7607f9',
    pseudo: 'scud',
    email: 'scud@scud.fr',
    iat: 1694382395,
    exp: 1694425595
  }
}   
LOG:  {
  text: 'ghjffgjjfghjgfhjfghj',
  pseudo: 'scud',
  userId: '64fac0b7f55e684dfc7607f9',
  date: '11 Sep 2023 00:20:57',
  pictureUser: 'http://localhost:5000/pictures/user/64fac0b7f55e684dfc7607f9.png',
  pictureMessage: <Buffer 89 50 4e 47 0d 0a 1a 0a 00 00 00 0d 49 48 44 52 00 00 00 df 00 00 00 cf 08 06 00 00 00 75 2f 04 b7 00 00 00 01 73 52 47 42 00 ae ce 1c e9 00 00 00 04 ... 71822 more bytes>,
  pictureName: 'hd4.png',
  formatImage: ''
}   
LOG:  {
  success: true,
  message: {
    text: 'ghjffgjjfghjgfhjfghj',
    pseudo: 'scud',
    userId: '64fac0b7f55e684dfc7607f9',
    date: '11 Sep 2023 00:20:57',
    pictureUser: 'http://localhost:5000/pictures/user/64fac0b7f55e684dfc7607f9.png',
    pictureMessage: '',
    _id: new ObjectId("64fe41495afae76b50e2bb86"),
    __v: 0
  }
}   
LOG:  {
  success: true,
  message: {
    text: 'ghjffgjjfghjgfhjfghj',
    pseudo: 'scud',
    userId: '64fac0b7f55e684dfc7607f9',
    date: '11 Sep 2023 00:20:57',
    pictureUser: 'http://localhost:5000/pictures/user/64fac0b7f55e684dfc7607f9.png',
    pictureMessage: 'http://localhost:5000/pictures/message/hd4.png',
    _id: new ObjectId("64fe41495afae76b50e2bb88"),
    __v: 0
  }
}   
LOG:  {
  jwtToken: {
    userId: '64fac0b7f55e684dfc7607f9',
    pseudo: 'scud',
    email: 'scud@scud.fr',
    iat: 1694382395,
    exp: 1694425595
  }
}   
LOG:  {
  text: 'ghfdfghfdg',
  pseudo: 'scud',
  userId: '64fac0b7f55e684dfc7607f9',
  date: '11 Sep 2023 00:29:29',
  pictureUser: 'http://localhost:5000/pictures/user/64fac0b7f55e684dfc7607f9.png',
  pictureMessage: '',
  pictureName: null,
  formatImage: ''
}   
LOG:  {
  success: true,
  message: {
    text: 'ghfdfghfdg',
    pseudo: 'scud',
    userId: '64fac0b7f55e684dfc7607f9',
    date: '11 Sep 2023 00:29:29',
    pictureUser: 'http://localhost:5000/pictures/user/64fac0b7f55e684dfc7607f9.png',
    pictureMessage: '',
    _id: new ObjectId("64fe43495afae76b50e2bb96"),
    __v: 0
  }
}   
LOG:  {
  jwtToken: {
    userId: '64fac0b7f55e684dfc7607f9',
    pseudo: 'scud',
    email: 'scud@scud.fr',
    iat: 1694382395,
    exp: 1694425595
  }
}   
LOG:  {
  text: '',
  pseudo: 'scud',
  userId: '64fac0b7f55e684dfc7607f9',
  date: '11 Sep 2023 00:40:32',
  pictureUser: 'http://localhost:5000/pictures/user/64fac0b7f55e684dfc7607f9.png',
  pictureMessage: <Buffer 89 50 4e 47 0d 0a 1a 0a 00 00 00 0d 49 48 44 52 00 00 00 df 00 00 00 ab 08 06 00 00 00 e6 4a 49 fb 00 00 00 01 73 52 47 42 00 ae ce 1c e9 00 00 00 04 ... 61172 more bytes>,
  pictureName: 'hd5.png',
  formatImage: ''
}   
LOG:  {
  success: true,
  message: {
    text: '',
    pseudo: 'scud',
    userId: '64fac0b7f55e684dfc7607f9',
    date: '11 Sep 2023 00:40:32',
    pictureUser: 'http://localhost:5000/pictures/user/64fac0b7f55e684dfc7607f9.png',
    pictureMessage: 'http://localhost:5000/pictures/message/hd5.png',
    _id: new ObjectId("64fe45e05afae76b50e2bbb2"),
    __v: 0
  }
}   
LOG:  {
  jwtToken: {
    userId: '64fac0b7f55e684dfc7607f9',
    pseudo: 'scud',
    email: 'scud@scud.fr',
    iat: 1694382395,
    exp: 1694425595
  }
}   
LOG:  {
  text: 'sdfsqfsdqf',
  pseudo: 'scud',
  userId: '64fac0b7f55e684dfc7607f9',
  date: '11 Sep 2023 00:40:40',
  pictureUser: 'http://localhost:5000/pictures/user/64fac0b7f55e684dfc7607f9.png',
  pictureMessage: '',
  pictureName: null,
  formatImage: ''
}   
LOG:  {
  success: true,
  message: {
    text: 'sdfsqfsdqf',
    pseudo: 'scud',
    userId: '64fac0b7f55e684dfc7607f9',
    date: '11 Sep 2023 00:40:40',
    pictureUser: 'http://localhost:5000/pictures/user/64fac0b7f55e684dfc7607f9.png',
    pictureMessage: '',
    _id: new ObjectId("64fe45e85afae76b50e2bbb4"),
    __v: 0
  }
}   
LOG:  {
  jwtToken: {
    userId: '64fac0b7f55e684dfc7607f9',
    pseudo: 'scud',
    email: 'scud@scud.fr',
    iat: 1694382395,
    exp: 1694425595
  }
}   
LOG:  {
  text: 'dsfdsf',
  pseudo: 'scud',
  userId: '64fac0b7f55e684dfc7607f9',
  date: '11 Sep 2023 00:41:26',
  pictureUser: 'http://localhost:5000/pictures/user/64fac0b7f55e684dfc7607f9.png',
  pictureMessage: '',
  pictureName: null,
  formatImage: ''
}   
LOG:  {
  success: true,
  message: {
    text: 'dsfdsf',
    pseudo: 'scud',
    userId: '64fac0b7f55e684dfc7607f9',
    date: '11 Sep 2023 00:41:26',
    pictureUser: 'http://localhost:5000/pictures/user/64fac0b7f55e684dfc7607f9.png',
    pictureMessage: '',
    _id: new ObjectId("64fe46165afae76b50e2bbb6"),
    __v: 0
  }
}   
LOG:  {
  jwtToken: {
    userId: '64fac0b7f55e684dfc7607f9',
    pseudo: 'scud',
    email: 'scud@scud.fr',
    iat: 1694382395,
    exp: 1694425595
  }
}   
LOG:  {
  text: '',
  pseudo: 'scud',
  userId: '64fac0b7f55e684dfc7607f9',
  date: '11 Sep 2023 00:41:31',
  pictureUser: 'http://localhost:5000/pictures/user/64fac0b7f55e684dfc7607f9.png',
  pictureMessage: <Buffer 89 50 4e 47 0d 0a 1a 0a 00 00 00 0d 49 48 44 52 00 00 00 fc 00 00 00 d4 08 06 00 00 00 b8 54 4e 3c 00 00 00 01 73 52 47 42 00 ae ce 1c e9 00 00 00 04 ... 88818 more bytes>,
  pictureName: 'hd3.png',
  formatImage: ''
}   
LOG:  {
  success: true,
  message: {
    text: '',
    pseudo: 'scud',
    userId: '64fac0b7f55e684dfc7607f9',
    date: '11 Sep 2023 00:41:31',
    pictureUser: 'http://localhost:5000/pictures/user/64fac0b7f55e684dfc7607f9.png',
    pictureMessage: 'http://localhost:5000/pictures/message/hd3.png',
    _id: new ObjectId("64fe461b5afae76b50e2bbb8"),
    __v: 0
  }
}   
LOG:  {
  jwtToken: {
    userId: '64fac0b7f55e684dfc7607f9',
    pseudo: 'scud',
    email: 'scud@scud.fr',
    iat: 1694382395,
    exp: 1694425595
  }
}   
LOG:  {
  text: 'sdfdsfdsf',
  pseudo: 'scud',
  userId: '64fac0b7f55e684dfc7607f9',
  date: '11 Sep 2023 00:41:37',
  pictureUser: 'http://localhost:5000/pictures/user/64fac0b7f55e684dfc7607f9.png',
  pictureMessage: <Buffer 89 50 4e 47 0d 0a 1a 0a 00 00 00 0d 49 48 44 52 00 00 00 df 00 00 00 cf 08 06 00 00 00 75 2f 04 b7 00 00 00 01 73 52 47 42 00 ae ce 1c e9 00 00 00 04 ... 71822 more bytes>,
  pictureName: 'hd4.png',
  formatImage: ''
}   
LOG:  {
  success: true,
  message: {
    text: 'sdfdsfdsf',
    pseudo: 'scud',
    userId: '64fac0b7f55e684dfc7607f9',
    date: '11 Sep 2023 00:41:37',
    pictureUser: 'http://localhost:5000/pictures/user/64fac0b7f55e684dfc7607f9.png',
    pictureMessage: 'http://localhost:5000/pictures/message/hd4.png',
    _id: new ObjectId("64fe46215afae76b50e2bbba"),
    __v: 0
  }
}   
